{
  "RSpec": {
    "coverage": {
      "/Users/jeffdemers/big_hippo/05week/ecommercep2/app/models/seller.rb": [
        1,
        1,
        null,
        1,
        null,
        null,
        1,
        null,
        1,
        null,
        null,
        null,
        null,
        null
      ],
      "/Users/jeffdemers/big_hippo/05week/ecommercep2/app/helpers/application_helper.rb": [
        1,
        null
      ],
      "/Users/jeffdemers/big_hippo/05week/ecommercep2/app/helpers/categories_helper.rb": [
        1,
        null
      ],
      "/Users/jeffdemers/big_hippo/05week/ecommercep2/app/helpers/items_helper.rb": [
        1,
        null
      ],
      "/Users/jeffdemers/big_hippo/05week/ecommercep2/app/helpers/sellers_helper.rb": [
        1,
        null
      ],
      "/Users/jeffdemers/big_hippo/05week/ecommercep2/app/helpers/sessions_helper.rb": [
        1,
        null
      ],
      "/Users/jeffdemers/big_hippo/05week/ecommercep2/app/helpers/targets_helper.rb": [
        1,
        null
      ],
      "/Users/jeffdemers/big_hippo/05week/ecommercep2/app/controllers/sellers_controller.rb": [
        1,
        null,
        1,
        null,
        null,
        1,
        null,
        null,
        null,
        1,
        1,
        null,
        null,
        null,
        1,
        3,
        null,
        3,
        3,
        null,
        0,
        0,
        null,
        null,
        null,
        null,
        null,
        null,
        null,
        null,
        null,
        null,
        null,
        null,
        null,
        null,
        null,
        null,
        null,
        null,
        null,
        1,
        null,
        1,
        3,
        null,
        null,
        null,
        null,
        null,
        null,
        null,
        null
      ],
      "/Users/jeffdemers/big_hippo/05week/ecommercep2/app/controllers/application_controller.rb": [
        1,
        null,
        null,
        1,
        null,
        1,
        null,
        1,
        null,
        null,
        null,
        null,
        1,
        0,
        null,
        null,
        null,
        1,
        0,
        0,
        0,
        null,
        null,
        null,
        null,
        null,
        null
      ],
      "/Users/jeffdemers/big_hippo/05week/ecommercep2/app/controllers/sessions_controller.rb": [
        1,
        1,
        2,
        null,
        null,
        1,
        2,
        null,
        2,
        0,
        null,
        0,
        0,
        null,
        null,
        2,
        null,
        2,
        null,
        null,
        null,
        1,
        2,
        2,
        2,
        null,
        null,
        1,
        null,
        1,
        2,
        null,
        null,
        null,
        null,
        null
      ]
    },
    "timestamp": 1434413885
  }
}
